<?xml version="1.0" encoding="UTF-8"?>
<!-- Generated by org.testng.reporters.JUnitXMLReporter -->
<testsuite ignored="0" hostname="DESKTOP-EKLQ2FA" failures="0" tests="4" name="Test" time="20.712" errors="0" timestamp="2024-08-07T12:37:28 ART">
  <testcase classname="pruebas.SSR1" name="iniciarSesion" time="2.02"/>
  <testcase classname="pruebas.SSR2" name="iniciarSesion" time="0.47"/>
  <testcase classname="pruebas.SSR3" name="iniciarSesion" time="0.465"/>
  <testcase classname="pruebas.SSR4" name="iniciarSesion" time="0.528"/>
</testsuite> <!-- Test -->
