<?xml version="1.0" encoding="UTF-8"?>
<testng-results ignored="0" total="1" passed="1" failed="0" skipped="0">
  <reporter-output>
    <line>
      <![CDATA[======Launch Browser======]]>
    </line>
    <line>
      <![CDATA[======Navegador Cerrado======]]>
    </line>
  </reporter-output>
  <suite started-at="2024-08-07T20:49:49 ART" name="Default suite" finished-at="2024-08-07T20:50:07 ART" duration-ms="17796">
    <groups>
    </groups>
    <test started-at="2024-08-07T20:49:49 ART" name="Default test" finished-at="2024-08-07T20:50:07 ART" duration-ms="17796">
      <class name="pruebas.SSR1_inicioSesionExitoso">
        <test-method is-config="true" signature="setup()[pri:0, instance:pruebas.SSR1_inicioSesionExitoso@290222c1]" started-at="2024-08-07T20:49:50 ART" name="setup" finished-at="2024-08-07T20:50:04 ART" duration-ms="13638" status="PASS">
          <reporter-output>
            <line>
              <![CDATA[======Launch Browser======]]>
            </line>
          </reporter-output>
        </test-method> <!-- setup -->
        <test-method signature="iniciarSesion(java.lang.String,java.lang.String)[pri:0, instance:pruebas.SSR1_inicioSesionExitoso@290222c1]" started-at="2024-08-07T20:50:04 ART" name="iniciarSesion" data-provider="Datos Login Excel" finished-at="2024-08-07T20:50:07 ART" duration-ms="3278" status="PASS">
          <params>
            <param index="0">
              <value>
                <![CDATA[mngr583930]]>
              </value>
            </param>
            <param index="1">
              <value>
                <![CDATA[jupemym]]>
              </value>
            </param>
          </params>
          <reporter-output>
          </reporter-output>
        </test-method> <!-- iniciarSesion -->
        <test-method is-config="true" signature="tearDown()[pri:0, instance:pruebas.SSR1_inicioSesionExitoso@290222c1]" started-at="2024-08-07T20:50:07 ART" name="tearDown" finished-at="2024-08-07T20:50:07 ART" duration-ms="162" status="PASS">
          <reporter-output>
            <line>
              <![CDATA[======Navegador Cerrado======]]>
            </line>
          </reporter-output>
        </test-method> <!-- tearDown -->
      </class> <!-- pruebas.SSR1_inicioSesionExitoso -->
    </test> <!-- Default test -->
  </suite> <!-- Default suite -->
</testng-results>
